<?xml version="1.0" encoding="UTF-8"?>
<!-- Generated by org.testng.reporters.JUnitXMLReporter -->
<testsuite ignored="4" hostname="SROTEM" failures="0" tests="1" name="Default test" time="1.856" errors="0" timestamp="2023-06-13T15:47:25 IDT">
  <testcase classname="com.resfulTestin.SanityTest" name="testGetPost" time="1.831"/>
  <testcase classname="com.resfulTestin.SanityTest" name="testAssertIdAtIndex" time="0.0">
    <ignored/>
  </testcase> <!-- testAssertIdAtIndex -->
  <testcase classname="com.resfulTestin.SanityTest" name="testList" time="0.0">
    <ignored/>
  </testcase> <!-- testList -->
  <testcase classname="com.resfulTestin.SanityTest" name="sanity" time="0.0">
    <ignored/>
  </testcase> <!-- sanity -->
  <testcase classname="com.resfulTestin.SanityTest" name="testResponseHeaders" time="0.0">
    <ignored/>
  </testcase> <!-- testResponseHeaders -->
</testsuite> <!-- Default test -->
