<?xml version="1.0" encoding="UTF-8"?>
<testng-results ignored="4" total="5" passed="1" failed="0" skipped="0">
  <reporter-output>
  </reporter-output>
  <suite started-at="2023-06-13T15:47:23 IDT" name="Default suite" finished-at="2023-06-13T15:47:25 IDT" duration-ms="1856">
    <groups>
    </groups>
    <test started-at="2023-06-13T15:47:23 IDT" name="Default test" finished-at="2023-06-13T15:47:25 IDT" duration-ms="1856">
      <class name="com.resfulTestin.SanityTest">
        <test-method signature="testGetPost()[pri:0, instance:com.resfulTestin.SanityTest@1af2d44a]" started-at="2023-06-13T15:47:23 IDT" name="testGetPost" finished-at="2023-06-13T15:47:25 IDT" duration-ms="1831" status="PASS">
          <reporter-output>
          </reporter-output>
        </test-method> <!-- testGetPost -->
      </class> <!-- com.resfulTestin.SanityTest -->
    </test> <!-- Default test -->
  </suite> <!-- Default suite -->
</testng-results>
